<?xml version="1.0" encoding="UTF-8"?>
<testng-results skipped="0" failed="0" total="1" passed="1">
  <reporter-output>
  </reporter-output>
  <suite name="HMS" duration-ms="27058" started-at="2019-10-10T08:37:18Z" finished-at="2019-10-10T08:37:45Z">
    <groups>
    </groups>
    <test name="chrome Results" duration-ms="27058" started-at="2019-10-10T08:37:18Z" finished-at="2019-10-10T08:37:45Z">
      <class name="mavanPackage.HMSReg">
        <test-method status="PASS" signature="beforeTest(java.lang.String)[pri:0, instance:mavanPackage.HMSReg@1fbc7afb]" name="beforeTest" is-config="true" duration-ms="10981" started-at="2019-10-10T01:37:18Z" finished-at="2019-10-10T01:37:29Z">
          <params>
            <param index="0">
              <value>
                <![CDATA[chrome]]>
              </value>
            </param>
          </params>
          <reporter-output>
          </reporter-output>
        </test-method> <!-- beforeTest -->
        <test-method status="PASS" signature="f()[pri:0, instance:mavanPackage.HMSReg@1fbc7afb]" name="f" duration-ms="16056" started-at="2019-10-10T01:37:29Z" description="Test to check HMS Registration funcationality" finished-at="2019-10-10T01:37:45Z">
          <reporter-output>
          </reporter-output>
        </test-method> <!-- f -->
        <test-method status="PASS" signature="afterTest()[pri:0, instance:mavanPackage.HMSReg@1fbc7afb]" name="afterTest" is-config="true" duration-ms="0" started-at="2019-10-10T01:37:45Z" finished-at="2019-10-10T01:37:45Z">
          <reporter-output>
          </reporter-output>
        </test-method> <!-- afterTest -->
      </class> <!-- mavanPackage.HMSReg -->
    </test> <!-- chrome Results -->
  </suite> <!-- HMS -->
</testng-results>
